{"logTime": "0114/060407", "correlationVector":"zwZV+QfderlGhCNXNozT5u.0","action":"FeedSettingFetch_homeCloud", "result":"0", "context":{}}
{"logTime": "0114/060407", "correlationVector":"zwZV+QfderlGhCNXNozT5u.0","action":"SyncServerConnectionManagerRequest", "result":"SYNC_SERVER_OK", "context":{"environment":"", "server":""}}
{"logTime": "0114/060409", "correlationVector":"Gc5Ra/kGqFCjJM2i/zBrE/.1","action":"SyncServerConnectionManagerRequest", "result":"SYNC_SERVER_OK", "context":{"environment":"Prod_SoutheastAsia_000j", "server":"GENERAL01000015"}}
{"logTime": "0114/060409", "correlationVector":"Gc5Ra/kGqFCjJM2i/zBrE/","action":"Initial GetUpdates", "result":"", "context":Reason: NEW_CLIENT. cV=Gc5Ra/kGqFCjJM2i/zBrE/}
{"logTime": "0114/060409", "correlationVector":"Gc5Ra/kGqFCjJM2i/zBrE/.2","action":"GetUpdates Response", "result":"SYNCER_OK", "context":Received 1 update(s). cV=Gc5Ra/kGqFCjJM2i/zBrE/.0;server=GENERAL01000015;cloudType=Consumer;environment=Prod_SoutheastAsia_000j}
{"logTime": "0114/060409", "correlationVector":"4FMxnF7VezWOetiKibZr/F","action":"Initial GetUpdates", "result":"", "context":Reason: NEW_CLIENT. cV=4FMxnF7VezWOetiKibZr/F}
{"logTime": "0114/060409", "correlationVector":"4FMxnF7VezWOetiKibZr/F.1","action":"SyncServerConnectionManagerRequest", "result":"SYNC_SERVER_OK", "context":{"environment":"Prod_SoutheastAsia_000j", "server":"GENERAL0100001K"}}
{"logTime": "0114/060409", "correlationVector":"4FMxnF7VezWOetiKibZr/F.2","action":"GetUpdates Response", "result":"SYNCER_OK", "context":Received 6 update(s). cV=4FMxnF7VezWOetiKibZr/F.0;server=GENERAL0100001K;cloudType=Consumer;environment=Prod_SoutheastAsia_000j}
{"logTime": "0114/060409", "correlationVector":"DTHZc5EgGm6SJ5xs88BSBU","action":"Normal GetUpdate request", "result":"", "context":cV=DTHZc5EgGm6SJ5xs88BSBU
Nudged types: Device Info, User Consents
Refresh requested types: Device Info, User Consents, Send Tab To Self, Encryption Keys}
{"logTime": "0114/060410", "correlationVector":"DTHZc5EgGm6SJ5xs88BSBU.1","action":"SyncServerConnectionManagerRequest", "result":"SYNC_SERVER_OK", "context":{"environment":"Prod_SoutheastAsia_000j", "server":"GENERAL0100000R"}}
{"logTime": "0114/060410", "correlationVector":"DTHZc5EgGm6SJ5xs88BSBU.2","action":"GetUpdates Response", "result":"SYNCER_OK", "context":Received 0 update(s). cV=DTHZc5EgGm6SJ5xs88BSBU.0;server=GENERAL0100000R;cloudType=Consumer;environment=Prod_SoutheastAsia_000j}
{"logTime": "0114/060410", "correlationVector":"m1Id39sbvH09UDrGCHUdzo","action":"Commit Request", "result":"", "context":Item count: 1
Contributing types: Device Info}
{"logTime": "0114/060410", "correlationVector":"m1Id39sbvH09UDrGCHUdzo.1","action":"SyncServerConnectionManagerRequest", "result":"SYNC_SERVER_OK", "context":{"environment":"Prod_SoutheastAsia_000j", "server":"GENERAL01000011"}}
{"logTime": "0114/060410", "correlationVector":"m1Id39sbvH09UDrGCHUdzo.2","action":"Commit Response", "result":"SYNCER_OK", "context":Result: SYNCER_OK. cV=m1Id39sbvH09UDrGCHUdzo.0;server=GENERAL01000011;cloudType=Consumer;environment=Prod_SoutheastAsia_000j}
{"logTime": "0114/060410", "correlationVector":"Ds1mPRy8RH3vxgwQHk4j7D","action":"Commit Request", "result":"", "context":Item count: 1
Contributing types: User Consents}
{"logTime": "0114/060411", "correlationVector":"Ds1mPRy8RH3vxgwQHk4j7D.1","action":"SyncServerConnectionManagerRequest", "result":"SYNC_SERVER_OK", "context":{"environment":"Prod_SoutheastAsia_000j", "server":"GENERAL0100000O"}}
{"logTime": "0114/060411", "correlationVector":"Ds1mPRy8RH3vxgwQHk4j7D.2","action":"Commit Response", "result":"SYNCER_OK", "context":Result: SYNCER_OK. cV=Ds1mPRy8RH3vxgwQHk4j7D.0;server=GENERAL0100000O;cloudType=Consumer;environment=Prod_SoutheastAsia_000j}
{"logTime": "0114/094009", "correlationVector":"INVALID_CV","action":"FeedSettingFetch_homeCloud", "result":"4", "context":{"status_code":"3", "status_message":"Network Error: net::ERR_INTERNET_DISCONNECTED"}}
{"logTime": "0114/094009", "correlationVector":"INVALID_CV","action":"FeedSettingFetch_homeCloud", "result":"4", "context":{"status_code":"3", "status_message":"Network Error: net::ERR_INTERNET_DISCONNECTED"}}
{"logTime": "0114/094009", "correlationVector":"INVALID_CV","action":"FeedSettingFetch_homeCloud", "result":"4", "context":{"status_code":"3", "status_message":"Network Error: net::ERR_INTERNET_DISCONNECTED"}}
{"logTime": "0114/094010", "correlationVector":"INVALID_CV","action":"FeedSettingFetch_homeCloud", "result":"4", "context":{"status_code":"3", "status_message":"Network Error: net::ERR_INTERNET_DISCONNECTED"}}
{"logTime": "0124/090635", "correlationVector":"bO5QlQyLMJWuGp8Xt9KXUK.0","action":"FeedSettingFetch_homeCloud", "result":"0", "context":{}}
{"logTime": "0124/090635", "correlationVector":"Ht2i571JO82HH4POTZ8gic.1","action":"SyncServerConnectionManagerRequest", "result":"SYNC_SERVER_OK", "context":{"environment":"Prod_SoutheastAsia_000j", "server":"GENERAL0100000X"}}
{"logTime": "0124/090635", "correlationVector":"Ht2i571JO82HH4POTZ8gic","action":"Initial GetUpdates", "result":"", "context":Reason: NEW_CLIENT. cV=Ht2i571JO82HH4POTZ8gic}
{"logTime": "0124/090635", "correlationVector":"Ht2i571JO82HH4POTZ8gic.2","action":"GetUpdates Response", "result":"SYNCER_OK", "context":Received 1 update(s). cV=Ht2i571JO82HH4POTZ8gic.0;server=GENERAL0100000X;cloudType=Consumer;environment=Prod_SoutheastAsia_000j}
{"logTime": "0124/090635", "correlationVector":"L+LH1ch/hhnMvOAB7G3d2m","action":"Normal GetUpdate request", "result":"", "context":cV=L+LH1ch/hhnMvOAB7G3d2m
Nudged types: Device Info, User Consents
Refresh requested types: Device Info, User Consents, Send Tab To Self, Encryption Keys}
{"logTime": "0124/090635", "correlationVector":"L+LH1ch/hhnMvOAB7G3d2m.1","action":"SyncServerConnectionManagerRequest", "result":"SYNC_SERVER_OK", "context":{"environment":"Prod_SoutheastAsia_000j", "server":"general0100000I"}}
{"logTime": "0124/090635", "correlationVector":"L+LH1ch/hhnMvOAB7G3d2m.2","action":"GetUpdates Response", "result":"SYNCER_OK", "context":Received 2 update(s). cV=L+LH1ch/hhnMvOAB7G3d2m.0;server=general0100000I;cloudType=Consumer;environment=Prod_SoutheastAsia_000j}
{"logTime": "0124/090635", "correlationVector":"8hbppxEh6oSX57/2CN9WDe","action":"Commit Request", "result":"", "context":Item count: 1
Contributing types: Device Info}
{"logTime": "0124/090635", "correlationVector":"8hbppxEh6oSX57/2CN9WDe.1","action":"SyncServerConnectionManagerRequest", "result":"SYNC_SERVER_OK", "context":{"environment":"Prod_SoutheastAsia_000j", "server":"GENERAL0100001E"}}
{"logTime": "0124/090635", "correlationVector":"8hbppxEh6oSX57/2CN9WDe.2","action":"Commit Response", "result":"SYNCER_OK", "context":Result: SYNCER_OK. cV=8hbppxEh6oSX57/2CN9WDe.0;server=GENERAL0100001E;cloudType=Consumer;environment=Prod_SoutheastAsia_000j}
{"logTime": "0124/090635", "correlationVector":"O91cHT7BgMH7l3AHtl3+m2","action":"Commit Request", "result":"", "context":Item count: 1
Contributing types: User Consents}
{"logTime": "0124/090635", "correlationVector":"O91cHT7BgMH7l3AHtl3+m2.1","action":"SyncServerConnectionManagerRequest", "result":"SYNC_SERVER_OK", "context":{"environment":"Prod_SoutheastAsia_000j", "server":"GENERAL01000019"}}
{"logTime": "0124/090635", "correlationVector":"O91cHT7BgMH7l3AHtl3+m2.2","action":"Commit Response", "result":"SYNCER_OK", "context":Result: SYNCER_OK. cV=O91cHT7BgMH7l3AHtl3+m2.0;server=GENERAL01000019;cloudType=Consumer;environment=Prod_SoutheastAsia_000j}
{"logTime": "0124/090635", "correlationVector":"N75z1ylniI7XMieHU6xm0z","action":"SyncServerConnectionManagerRequest", "result":"SYNC_SERVER_OK", "context":{"environment":"", "server":""}}
{"logTime": "0124/090635", "correlationVector":"0JoI1pZr0Lbf+kdj62Dj5r","action":"Normal GetUpdate request", "result":"", "context":cV=0JoI1pZr0Lbf+kdj62Dj5r
Nudged types: Device Info}
{"logTime": "0124/090635", "correlationVector":"0JoI1pZr0Lbf+kdj62Dj5r.1","action":"SyncServerConnectionManagerRequest", "result":"SYNC_SERVER_OK", "context":{"environment":"Prod_SoutheastAsia_000j", "server":"GENERAL01000005"}}
{"logTime": "0124/090635", "correlationVector":"0JoI1pZr0Lbf+kdj62Dj5r.2","action":"GetUpdates Response", "result":"SYNCER_OK", "context":Received 1 update(s). cV=0JoI1pZr0Lbf+kdj62Dj5r.0;server=GENERAL01000005;cloudType=Consumer;environment=Prod_SoutheastAsia_000j}
{"logTime": "0124/090635", "correlationVector":"VxDQmjf8aCeozu2JK75fDQ","action":"Normal GetUpdate request", "result":"", "context":cV=VxDQmjf8aCeozu2JK75fDQ
Refresh requested types: Device Info, User Consents, Send Tab To Self, Encryption Keys}
{"logTime": "0124/090635", "correlationVector":"VxDQmjf8aCeozu2JK75fDQ.1","action":"SyncServerConnectionManagerRequest", "result":"SYNC_SERVER_OK", "context":{"environment":"Prod_SoutheastAsia_000j", "server":"GENERAL0100000C"}}
{"logTime": "0124/090635", "correlationVector":"VxDQmjf8aCeozu2JK75fDQ.2","action":"GetUpdates Response", "result":"SYNCER_OK", "context":Received 0 update(s). cV=VxDQmjf8aCeozu2JK75fDQ.0;server=GENERAL0100000C;cloudType=Consumer;environment=Prod_SoutheastAsia_000j}
{"logTime": "0124/090637", "correlationVector":"9f8XeXm+OzyBsAWPEKNOam","action":"Initial GetUpdates", "result":"", "context":Reason: RECONFIGURATION. cV=9f8XeXm+OzyBsAWPEKNOam}
{"logTime": "0124/090638", "correlationVector":"9f8XeXm+OzyBsAWPEKNOam.1","action":"SyncServerConnectionManagerRequest", "result":"SYNC_SERVER_OK", "context":{"environment":"Prod_SoutheastAsia_000j", "server":"GENERAL0100000N"}}
{"logTime": "0124/090638", "correlationVector":"9f8XeXm+OzyBsAWPEKNOam.2","action":"GetUpdates Response", "result":"SYNCER_OK", "context":Received 56 update(s). cV=9f8XeXm+OzyBsAWPEKNOam.0;server=GENERAL0100000N;cloudType=Consumer;environment=Prod_SoutheastAsia_000j}
{"logTime": "0124/090638", "correlationVector":"1j3TW8+Izb1QkZDbAtKsqO","action":"Initial GetUpdates", "result":"", "context":Reason: RECONFIGURATION. cV=1j3TW8+Izb1QkZDbAtKsqO}
{"logTime": "0124/090638", "correlationVector":"1j3TW8+Izb1QkZDbAtKsqO.1","action":"SyncServerConnectionManagerRequest", "result":"SYNC_SERVER_OK", "context":{"environment":"Prod_SoutheastAsia_000j", "server":"GENERAL0100000J"}}
{"logTime": "0124/090638", "correlationVector":"1j3TW8+Izb1QkZDbAtKsqO.2","action":"GetUpdates Response", "result":"SYNCER_OK", "context":Received 31 update(s). cV=1j3TW8+Izb1QkZDbAtKsqO.0;server=GENERAL0100000J;cloudType=Consumer;environment=Prod_SoutheastAsia_000j}
{"logTime": "0124/090639", "correlationVector":"2fltzAQmvgEUtbBloTfg5D","action":"Initial GetUpdates", "result":"", "context":Reason: RECONFIGURATION. cV=2fltzAQmvgEUtbBloTfg5D}
{"logTime": "0124/090641", "correlationVector":"2fltzAQmvgEUtbBloTfg5D.1","action":"SyncServerConnectionManagerRequest", "result":"SYNC_SERVER_OK", "context":{"environment":"Prod_SoutheastAsia_000j", "server":"GENERAL01000008"}}
{"logTime": "0124/090641", "correlationVector":"2fltzAQmvgEUtbBloTfg5D.2","action":"GetUpdates", "result":"DeleteReceived", "context":{"id":"f99e5e09-386e-4e76-9fd3-1168cbdc6da1", "isDeleted:":"true", "version":"1671958452663"}}
{"logTime": "0124/090641", "correlationVector":"2fltzAQmvgEUtbBloTfg5D.3","action":"GetUpdates", "result":"DeleteReceived", "context":{"id":"196916f7-728f-4d12-913f-f1b6ead90186", "isDeleted:":"true", "version":"1671958452664"}}
{"logTime": "0124/090641", "correlationVector":"2fltzAQmvgEUtbBloTfg5D.4","action":"GetUpdates", "result":"DeleteReceived", "context":{"id":"8a8e65f0-092a-4824-b6a9-851e2c62cce9", "isDeleted:":"true", "version":"1671958454501"}}
{"logTime": "0124/090641", "correlationVector":"2fltzAQmvgEUtbBloTfg5D.5","action":"GetUpdates", "result":"DeleteReceived", "context":{"id":"64a6faf5-f20f-475d-8000-2313822d8197", "isDeleted:":"true", "version":"1671957176359"}}
{"logTime": "0124/090641", "correlationVector":"2fltzAQmvgEUtbBloTfg5D.6","action":"GetUpdates Response", "result":"SERVER_MORE_TO_DOWNLOAD", "context":Received 249 update(s).  Some updates remain.}
{"logTime": "0124/090641", "correlationVector":"BC9ijWOFa4VbafsQsYLRjY","action":"Initial GetUpdates", "result":"", "context":Reason: RECONFIGURATION. cV=BC9ijWOFa4VbafsQsYLRjY}
{"logTime": "0124/090643", "correlationVector":"BC9ijWOFa4VbafsQsYLRjY.1","action":"SyncServerConnectionManagerRequest", "result":"SYNC_SERVER_OK", "context":{"environment":"Prod_SoutheastAsia_000j", "server":"GENERAL0100000Y"}}
{"logTime": "0124/090644", "correlationVector":"BC9ijWOFa4VbafsQsYLRjY.2","action":"GetUpdates Response", "result":"SERVER_MORE_TO_DOWNLOAD", "context":Received 250 update(s).  Some updates remain.}
{"logTime": "0124/090644", "correlationVector":"jBlUbu8PxQk4Ais+RgNOI8","action":"Initial GetUpdates", "result":"", "context":Reason: RECONFIGURATION. cV=jBlUbu8PxQk4Ais+RgNOI8}
{"logTime": "0124/090645", "correlationVector":"jBlUbu8PxQk4Ais+RgNOI8.1","action":"SyncServerConnectionManagerRequest", "result":"SYNC_SERVER_OK", "context":{"environment":"Prod_SoutheastAsia_000j", "server":"GENERAL0100001I"}}
{"logTime": "0124/090645", "correlationVector":"jBlUbu8PxQk4Ais+RgNOI8.2","action":"GetUpdates", "result":"DeleteReceived", "context":{"id":"4182cab4-d57a-4079-bbc6-70eed4aa0059", "isDeleted:":"true", "version":"1671958524102"}}
{"logTime": "0124/090645", "correlationVector":"jBlUbu8PxQk4Ais+RgNOI8.3","action":"GetUpdates", "result":"DeleteReceived", "context":{"id":"f1941e98-adb6-4036-b5dd-fcda58b9cbfd", "isDeleted:":"true", "version":"1671958527342"}}
{"logTime": "0124/090645", "correlationVector":"jBlUbu8PxQk4Ais+RgNOI8.4","action":"GetUpdates", "result":"DeleteReceived", "context":{"id":"23e57786-d98d-4a72-97e2-ff3c5786120b", "isDeleted:":"true", "version":"1671958527343"}}
{"logTime": "0124/090645", "correlationVector":"jBlUbu8PxQk4Ais+RgNOI8.5","action":"GetUpdates", "result":"DeleteReceived", "context":{"id":"24e5bed3-2732-4a85-b8e6-5f5ea29b25a1", "isDeleted:":"true", "version":"1671958558836"}}
{"logTime": "0124/090645", "correlationVector":"jBlUbu8PxQk4Ais+RgNOI8.6","action":"GetUpdates", "result":"DeleteReceived", "context":{"id":"9f0a060d-63e0-49e9-8056-63d6e1b3976a", "isDeleted:":"true", "version":"1671958558837"}}
{"logTime": "0124/090645", "correlationVector":"jBlUbu8PxQk4Ais+RgNOI8.7","action":"GetUpdates", "result":"DeleteReceived", "context":{"id":"f654d16f-7405-4c64-a63b-ecb2bdac52de", "isDeleted:":"true", "version":"1671959244747"}}
{"logTime": "0124/090645", "correlationVector":"jBlUbu8PxQk4Ais+RgNOI8.8","action":"GetUpdates", "result":"DeleteReceived", "context":{"id":"b93ee557-04da-403b-b85a-3e49fa73ed36", "isDeleted:":"true", "version":"1671959244748"}}
{"logTime": "0124/090645", "correlationVector":"jBlUbu8PxQk4Ais+RgNOI8.9","action":"GetUpdates", "result":"DeleteReceived", "context":{"id":"dda73e68-16c3-4c87-af70-41dc28948613", "isDeleted:":"true", "version":"1671959244749"}}
{"logTime": "0124/090645", "correlationVector":"jBlUbu8PxQk4Ais+RgNOI8.10","action":"GetUpdates", "result":"DeleteReceived", "context":{"id":"cd158f93-831c-4038-9783-7de99a606b5b", "isDeleted:":"true", "version":"1671959244750"}}
{"logTime": "0124/090645", "correlationVector":"jBlUbu8PxQk4Ais+RgNOI8.11","action":"GetUpdates", "result":"DeleteReceived", "context":{"id":"f0662930-2b5e-4df5-aa76-555f9439d347", "isDeleted:":"true", "version":"1671959503280"}}
{"logTime": "0124/090645", "correlationVector":"jBlUbu8PxQk4Ais+RgNOI8.12","action":"GetUpdates", "result":"DeleteReceived", "context":{"id":"4d43369e-e1bf-4310-97a9-24f899f7a616", "isDeleted:":"true", "version":"1672071888008"}}
{"logTime": "0124/090645", "correlationVector":"jBlUbu8PxQk4Ais+RgNOI8.13","action":"GetUpdates", "result":"DeleteReceived", "context":{"id":"ef746841-3473-40a7-b0c0-36f9c2f03e9c", "isDeleted:":"true", "version":"1672071888009"}}
{"logTime": "0124/090645", "correlationVector":"jBlUbu8PxQk4Ais+RgNOI8.14","action":"GetUpdates", "result":"DeleteReceived", "context":{"id":"edc53eb2-91c4-4bd5-97cf-87f844d4eb43", "isDeleted:":"true", "version":"1672071888010"}}
{"logTime": "0124/090645", "correlationVector":"jBlUbu8PxQk4Ais+RgNOI8.15","action":"GetUpdates", "result":"DeleteReceived", "context":{"id":"6f0b37ad-a03d-49ee-a643-dca5b0b29f39", "isDeleted:":"true", "version":"1673764185633"}}
{"logTime": "0124/090645", "correlationVector":"jBlUbu8PxQk4Ais+RgNOI8.16","action":"GetUpdates", "result":"DeleteReceived", "context":{"id":"581c446d-4aeb-401c-b7e0-97753e5c43e4", "isDeleted:":"true", "version":"1673798578388"}}
{"logTime": "0124/090645", "correlationVector":"jBlUbu8PxQk4Ais+RgNOI8.17","action":"GetUpdates", "result":"DeleteReceived", "context":{"id":"7c72610d-6040-4c18-b988-69bec3d2f6c1", "isDeleted:":"true", "version":"1673798578389"}}
{"logTime": "0124/090645", "correlationVector":"jBlUbu8PxQk4Ais+RgNOI8.18","action":"GetUpdates", "result":"DeleteReceived", "context":{"id":"4e2472e2-430d-42ba-973a-b350a30b7579", "isDeleted:":"true", "version":"1673798640984"}}
{"logTime": "0124/090645", "correlationVector":"jBlUbu8PxQk4Ais+RgNOI8.19","action":"GetUpdates", "result":"DeleteReceived", "context":{"id":"9710b436-32b9-46b9-a5a9-24a323d47963", "isDeleted:":"true", "version":"1673799491108"}}
{"logTime": "0124/090645", "correlationVector":"jBlUbu8PxQk4Ais+RgNOI8.20","action":"GetUpdates", "result":"DeleteReceived", "context":{"id":"b6e86f50-2864-424c-874d-9552f1068d44", "isDeleted:":"true", "version":"1673799540829"}}
{"logTime": "0124/090645", "correlationVector":"jBlUbu8PxQk4Ais+RgNOI8.21","action":"GetUpdates", "result":"DeleteReceived", "context":{"id":"f9347dfe-18da-4052-885a-0e3544012cf8", "isDeleted:":"true", "version":"1673800411472"}}
{"logTime": "0124/090645", "correlationVector":"jBlUbu8PxQk4Ais+RgNOI8.22","action":"GetUpdates", "result":"DeleteReceived", "context":{"id":"85b9ddf9-8b1e-4b28-bb3f-cbe086b55bbe", "isDeleted:":"true", "version":"1673806408436"}}
{"logTime": "0124/090645", "correlationVector":"jBlUbu8PxQk4Ais+RgNOI8.23","action":"GetUpdates", "result":"DeleteReceived", "context":{"id":"856cfd01-52c2-44df-b183-7591df19cbb5", "isDeleted:":"true", "version":"1673873371067"}}
{"logTime": "0124/090645", "correlationVector":"jBlUbu8PxQk4Ais+RgNOI8.24","action":"GetUpdates", "result":"DeleteReceived", "context":{"id":"7788ee0f-a535-4fcc-b5a2-c4e61efba9a5", "isDeleted:":"true", "version":"1673873371068"}}
{"logTime": "0124/090645", "correlationVector":"jBlUbu8PxQk4Ais+RgNOI8.25","action":"GetUpdates", "result":"DeleteReceived", "context":{"id":"5bd421f8-014e-4f54-b838-90fe2455a92e", "isDeleted:":"true", "version":"1673873371070"}}
{"logTime": "0124/090645", "correlationVector":"jBlUbu8PxQk4Ais+RgNOI8.26","action":"GetUpdates", "result":"DeleteReceived", "context":{"id":"ea31a37c-d2ec-412d-bc1c-a6bcc4a42a2b", "isDeleted:":"true", "version":"1673873546090"}}
{"logTime": "0124/090645", "correlationVector":"jBlUbu8PxQk4Ais+RgNOI8.27","action":"GetUpdates", "result":"DeleteReceived", "context":{"id":"c047912e-8c1a-4543-b34e-7332cf9d45b8", "isDeleted:":"true", "version":"1673884030099"}}
{"logTime": "0124/090645", "correlationVector":"jBlUbu8PxQk4Ais+RgNOI8.28","action":"GetUpdates", "result":"DeleteReceived", "context":{"id":"2796ce09-f169-4800-85b3-6ac35084b470", "isDeleted:":"true", "version":"1673884030100"}}
{"logTime": "0124/090645", "correlationVector":"jBlUbu8PxQk4Ais+RgNOI8.29","action":"GetUpdates", "result":"DeleteReceived", "context":{"id":"7f008436-3fe4-48f2-83fa-1333c4a41d19", "isDeleted:":"true", "version":"1673938731283"}}
{"logTime": "0124/090645", "correlationVector":"jBlUbu8PxQk4Ais+RgNOI8.30","action":"GetUpdates", "result":"DeleteReceived", "context":{"id":"2d1e7b58-a952-4470-85d4-20542ea8ed8c", "isDeleted:":"true", "version":"1673955553719"}}
{"logTime": "0124/090645", "correlationVector":"jBlUbu8PxQk4Ais+RgNOI8.31","action":"GetUpdates", "result":"DeleteReceived", "context":{"id":"8badc9bd-acd8-4663-a0ab-3858a7ebd18a", "isDeleted:":"true", "version":"1673959861814"}}
{"logTime": "0124/090645", "correlationVector":"jBlUbu8PxQk4Ais+RgNOI8.32","action":"GetUpdates", "result":"DeleteReceived", "context":{"id":"c8001ea9-76a5-4868-b6a9-a1a43ee7cbbe", "isDeleted:":"true", "version":"1673960155504"}}
{"logTime": "0124/090645", "correlationVector":"jBlUbu8PxQk4Ais+RgNOI8.33","action":"GetUpdates", "result":"DeleteReceived", "context":{"id":"79de1190-fb61-4f5b-83dc-3e113af79cdc", "isDeleted:":"true", "version":"1673960155506"}}
{"logTime": "0124/090645", "correlationVector":"jBlUbu8PxQk4Ais+RgNOI8.34","action":"GetUpdates", "result":"DeleteReceived", "context":{"id":"a366f41a-b829-4c45-9e37-2c49171b6ec0", "isDeleted:":"true", "version":"1673960155507"}}
{"logTime": "0124/090645", "correlationVector":"jBlUbu8PxQk4Ais+RgNOI8.35","action":"GetUpdates", "result":"DeleteReceived", "context":{"id":"13adc899-bd7f-48e5-8e15-35eda35d9970", "isDeleted:":"true", "version":"1673960189064"}}
{"logTime": "0124/090645", "correlationVector":"jBlUbu8PxQk4Ais+RgNOI8.36","action":"GetUpdates", "result":"DeleteReceived", "context":{"id":"7729ca94-3f5b-4966-9991-f8fb16fc3341", "isDeleted:":"true", "version":"1674039616242"}}
{"logTime": "0124/090645", "correlationVector":"jBlUbu8PxQk4Ais+RgNOI8.37","action":"GetUpdates", "result":"DeleteReceived", "context":{"id":"b0b8fb48-61f6-4026-97d1-32cac763786e", "isDeleted:":"true", "version":"1674039852778"}}
{"logTime": "0124/090645", "correlationVector":"jBlUbu8PxQk4Ais+RgNOI8.38","action":"GetUpdates", "result":"DeleteReceived", "context":{"id":"a6495d47-4aef-4ed3-abef-c8c58b858de7", "isDeleted:":"true", "version":"1674040517793"}}
{"logTime": "0124/090645", "correlationVector":"jBlUbu8PxQk4Ais+RgNOI8.39","action":"GetUpdates", "result":"DeleteReceived", "context":{"id":"8c1b7b92-22f1-4db5-9268-36ce42b55ddf", "isDeleted:":"true", "version":"1674041894181"}}
{"logTime": "0124/090645", "correlationVector":"jBlUbu8PxQk4Ais+RgNOI8.40","action":"GetUpdates", "result":"DeleteReceived", "context":{"id":"c98dba33-f9db-4b91-bced-be75e4e78ea8", "isDeleted:":"true", "version":"1674042806958"}}
{"logTime": "0124/090645", "correlationVector":"jBlUbu8PxQk4Ais+RgNOI8.41","action":"GetUpdates", "result":"DeleteReceived", "context":{"id":"3c93fca9-55ad-481f-8665-d52e2b4f8638", "isDeleted:":"true", "version":"1674230403456"}}
{"logTime": "0124/090645", "correlationVector":"jBlUbu8PxQk4Ais+RgNOI8.42","action":"GetUpdates", "result":"DeleteReceived", "context":{"id":"d110083a-f9af-4d15-9abc-c1c99aae4ca5", "isDeleted:":"true", "version":"1674230403457"}}
{"logTime": "0124/090645", "correlationVector":"jBlUbu8PxQk4Ais+RgNOI8.43","action":"GetUpdates", "result":"DeleteReceived", "context":{"id":"ed4f9ef0-a134-4179-bc89-a2ee240e2d6e", "isDeleted:":"true", "version":"1674235448878"}}
{"logTime": "0124/090645", "correlationVector":"jBlUbu8PxQk4Ais+RgNOI8.44","action":"GetUpdates", "result":"DeleteReceived", "context":{"id":"7b3e6f95-29b9-4d8c-9a5a-24395b501ea5", "isDeleted:":"true", "version":"1674235448880"}}
{"logTime": "0124/090645", "correlationVector":"jBlUbu8PxQk4Ais+RgNOI8.45","action":"GetUpdates", "result":"DeleteReceived", "context":{"id":"123e0f32-1635-41da-9ec9-676fe83cbbb5", "isDeleted:":"true", "version":"1674300907507"}}
{"logTime": "0124/090645", "correlationVector":"jBlUbu8PxQk4Ais+RgNOI8.46","action":"GetUpdates", "result":"DeleteReceived", "context":{"id":"1f297be8-42ef-478d-913f-11b35b9e0d3f", "isDeleted:":"true", "version":"1674326788335"}}
{"logTime": "0124/090645", "correlationVector":"jBlUbu8PxQk4Ais+RgNOI8.47","action":"GetUpdates", "result":"DeleteReceived", "context":{"id":"2ef46081-fc87-41b3-8267-e8f71f4c564a", "isDeleted:":"true", "version":"1674326839105"}}
{"logTime": "0124/090645", "correlationVector":"jBlUbu8PxQk4Ais+RgNOI8.48","action":"GetUpdates", "result":"DeleteReceived", "context":{"id":"0fda4e66-522b-4f6a-bf7a-e3003bd7bb84", "isDeleted:":"true", "version":"1674550845113"}}
{"logTime": "0124/090645", "correlationVector":"jBlUbu8PxQk4Ais+RgNOI8.49","action":"GetUpdates Response", "result":"SYNCER_OK", "context":Received 249 update(s). cV=jBlUbu8PxQk4Ais+RgNOI8.0;server=GENERAL0100001I;cloudType=Consumer;environment=Prod_SoutheastAsia_000j}
{"logTime": "0124/090645", "correlationVector":"ocr5SlZCT2xtgAJon5vp6/","action":"Normal GetUpdate request", "result":"", "context":cV=ocr5SlZCT2xtgAJon5vp6/
Nudged types: Bookmarks, Sessions, Device Info, User Consents
Refresh requested types: Bookmarks, Preferences, Passwords, Autofill Profiles, Autofill, Autofill Custom Data, Typed URLs, Extensions, Sessions, Extension settings, History Delete Directives, Device Info, User Consents, Send Tab To Self, Collection, Encryption Keys}
{"logTime": "0124/090646", "correlationVector":"ocr5SlZCT2xtgAJon5vp6/.1","action":"SyncServerConnectionManagerRequest", "result":"SYNC_SERVER_OK", "context":{"environment":"Prod_SoutheastAsia_000j", "server":"GENERAL0100001A"}}
{"logTime": "0124/090646", "correlationVector":"ocr5SlZCT2xtgAJon5vp6/.2","action":"GetUpdates Response", "result":"SYNCER_OK", "context":Received 0 update(s). cV=ocr5SlZCT2xtgAJon5vp6/.0;server=GENERAL0100001A;cloudType=Consumer;environment=Prod_SoutheastAsia_000j}
{"logTime": "0124/090646", "correlationVector":"h2VnFOwZuOM9Tjt9PMVycG","action":"Commit Request", "result":"", "context":Item count: 1
Contributing types: Device Info}
{"logTime": "0124/090646", "correlationVector":"h2VnFOwZuOM9Tjt9PMVycG.1","action":"SyncServerConnectionManagerRequest", "result":"SYNC_SERVER_OK", "context":{"environment":"Prod_SoutheastAsia_000j", "server":"GENERAL0100001I"}}
{"logTime": "0124/090646", "correlationVector":"h2VnFOwZuOM9Tjt9PMVycG.2","action":"Commit Response", "result":"SYNCER_OK", "context":Result: SYNCER_OK. cV=h2VnFOwZuOM9Tjt9PMVycG.0;server=GENERAL0100001I;cloudType=Consumer;environment=Prod_SoutheastAsia_000j}
{"logTime": "0124/090646", "correlationVector":"P3tNpNZoDqSU6A0DymHxWc","action":"Commit Request", "result":"", "context":Item count: 16
Contributing types: Bookmarks, Sessions, User Consents}
{"logTime": "0124/090648", "correlationVector":"P3tNpNZoDqSU6A0DymHxWc.1","action":"SyncServerConnectionManagerRequest", "result":"SYNC_SERVER_OK", "context":{"environment":"Prod_SoutheastAsia_000j", "server":"GENERAL01000015"}}
{"logTime": "0124/090648", "correlationVector":"P3tNpNZoDqSU6A0DymHxWc.2","action":"Commit Response", "result":"SYNCER_OK", "context":Result: SYNCER_OK. cV=P3tNpNZoDqSU6A0DymHxWc.0;server=GENERAL01000015;cloudType=Consumer;environment=Prod_SoutheastAsia_000j}
{"logTime": "0124/090722", "correlationVector":"od1zUfy9KnbopBoXWFTo/a","action":"Commit Request", "result":"", "context":Item count: 1
Contributing types: Sessions}
{"logTime": "0124/090730", "correlationVector":"od1zUfy9KnbopBoXWFTo/a.1","action":"SyncServerConnectionManagerRequest", "result":"SYNC_SERVER_OK", "context":{"environment":"Prod_SoutheastAsia_000j", "server":"GENERAL0100000Q"}}
{"logTime": "0124/090730", "correlationVector":"od1zUfy9KnbopBoXWFTo/a.2","action":"Commit Response", "result":"SYNCER_OK", "context":Result: SYNCER_OK. cV=od1zUfy9KnbopBoXWFTo/a.0;server=GENERAL0100000Q;cloudType=Consumer;environment=Prod_SoutheastAsia_000j}
{"logTime": "0124/090730", "correlationVector":"GKU2SIy+uiSat10Plg9q0y","action":"Poll GetUpdate request", "result":"", "context":cV=GKU2SIy+uiSat10Plg9q0y}
{"logTime": "0124/090740", "correlationVector":"GKU2SIy+uiSat10Plg9q0y.1","action":"SyncServerConnectionManagerRequest", "result":"SYNC_SERVER_OK", "context":{"environment":"Prod_SoutheastAsia_000j", "server":"GENERAL0100001G"}}
{"logTime": "0124/090740", "correlationVector":"GKU2SIy+uiSat10Plg9q0y.2","action":"GetUpdates Response", "result":"SERVER_MORE_TO_DOWNLOAD", "context":Received 250 update(s).  Some updates remain.}
{"logTime": "0124/090740", "correlationVector":"ynKb3l/g2JBc8wcEYM7K3+","action":"Poll GetUpdate request", "result":"", "context":cV=ynKb3l/g2JBc8wcEYM7K3+}
{"logTime": "0124/090746", "correlationVector":"ynKb3l/g2JBc8wcEYM7K3+.1","action":"SyncServerConnectionManagerRequest", "result":"SYNC_SERVER_OK", "context":{"environment":"Prod_SoutheastAsia_000j", "server":"GENERAL0100000W"}}
{"logTime": "0124/090746", "correlationVector":"ynKb3l/g2JBc8wcEYM7K3+.2","action":"GetUpdates", "result":"DeleteReceived", "context":{"id":"4182cab4-d57a-4079-bbc6-70eed4aa0059", "isDeleted:":"true", "version":"1671958524102"}}
{"logTime": "0124/090746", "correlationVector":"ynKb3l/g2JBc8wcEYM7K3+.3","action":"GetUpdates", "result":"DeleteReceived", "context":{"id":"f1941e98-adb6-4036-b5dd-fcda58b9cbfd", "isDeleted:":"true", "version":"1671958527342"}}
{"logTime": "0124/090746", "correlationVector":"ynKb3l/g2JBc8wcEYM7K3+.4","action":"GetUpdates", "result":"DeleteReceived", "context":{"id":"23e57786-d98d-4a72-97e2-ff3c5786120b", "isDeleted:":"true", "version":"1671958527343"}}
{"logTime": "0124/090746", "correlationVector":"ynKb3l/g2JBc8wcEYM7K3+.5","action":"GetUpdates", "result":"DeleteReceived", "context":{"id":"24e5bed3-2732-4a85-b8e6-5f5ea29b25a1", "isDeleted:":"true", "version":"1671958558836"}}
{"logTime": "0124/090746", "correlationVector":"ynKb3l/g2JBc8wcEYM7K3+.6","action":"GetUpdates", "result":"DeleteReceived", "context":{"id":"9f0a060d-63e0-49e9-8056-63d6e1b3976a", "isDeleted:":"true", "version":"1671958558837"}}
{"logTime": "0124/090746", "correlationVector":"ynKb3l/g2JBc8wcEYM7K3+.7","action":"GetUpdates", "result":"DeleteReceived", "context":{"id":"f654d16f-7405-4c64-a63b-ecb2bdac52de", "isDeleted:":"true", "version":"1671959244747"}}
{"logTime": "0124/090746", "correlationVector":"ynKb3l/g2JBc8wcEYM7K3+.8","action":"GetUpdates", "result":"DeleteReceived", "context":{"id":"b93ee557-04da-403b-b85a-3e49fa73ed36", "isDeleted:":"true", "version":"1671959244748"}}
{"logTime": "0124/090746", "correlationVector":"ynKb3l/g2JBc8wcEYM7K3+.9","action":"GetUpdates", "result":"DeleteReceived", "context":{"id":"dda73e68-16c3-4c87-af70-41dc28948613", "isDeleted:":"true", "version":"1671959244749"}}
{"logTime": "0124/090746", "correlationVector":"ynKb3l/g2JBc8wcEYM7K3+.10","action":"GetUpdates", "result":"DeleteReceived", "context":{"id":"cd158f93-831c-4038-9783-7de99a606b5b", "isDeleted:":"true", "version":"1671959244750"}}
{"logTime": "0124/090746", "correlationVector":"ynKb3l/g2JBc8wcEYM7K3+.11","action":"GetUpdates", "result":"DeleteReceived", "context":{"id":"f0662930-2b5e-4df5-aa76-555f9439d347", "isDeleted:":"true", "version":"1671959503280"}}
{"logTime": "0124/090746", "correlationVector":"ynKb3l/g2JBc8wcEYM7K3+.12","action":"GetUpdates", "result":"DeleteReceived", "context":{"id":"4d43369e-e1bf-4310-97a9-24f899f7a616", "isDeleted:":"true", "version":"1672071888008"}}
{"logTime": "0124/090746", "correlationVector":"ynKb3l/g2JBc8wcEYM7K3+.13","action":"GetUpdates", "result":"DeleteReceived", "context":{"id":"ef746841-3473-40a7-b0c0-36f9c2f03e9c", "isDeleted:":"true", "version":"1672071888009"}}
{"logTime": "0124/090746", "correlationVector":"ynKb3l/g2JBc8wcEYM7K3+.14","action":"GetUpdates", "result":"DeleteReceived", "context":{"id":"edc53eb2-91c4-4bd5-97cf-87f844d4eb43", "isDeleted:":"true", "version":"1672071888010"}}
{"logTime": "0124/090746", "correlationVector":"ynKb3l/g2JBc8wcEYM7K3+.15","action":"GetUpdates", "result":"DeleteReceived", "context":{"id":"6f0b37ad-a03d-49ee-a643-dca5b0b29f39", "isDeleted:":"true", "version":"1673764185633"}}
{"logTime": "0124/090746", "correlationVector":"ynKb3l/g2JBc8wcEYM7K3+.16","action":"GetUpdates", "result":"DeleteReceived", "context":{"id":"581c446d-4aeb-401c-b7e0-97753e5c43e4", "isDeleted:":"true", "version":"1673798578388"}}
{"logTime": "0124/090746", "correlationVector":"ynKb3l/g2JBc8wcEYM7K3+.17","action":"GetUpdates", "result":"DeleteReceived", "context":{"id":"7c72610d-6040-4c18-b988-69bec3d2f6c1", "isDeleted:":"true", "version":"1673798578389"}}
{"logTime": "0124/090746", "correlationVector":"ynKb3l/g2JBc8wcEYM7K3+.18","action":"GetUpdates", "result":"DeleteReceived", "context":{"id":"4e2472e2-430d-42ba-973a-b350a30b7579", "isDeleted:":"true", "version":"1673798640984"}}
{"logTime": "0124/090746", "correlationVector":"ynKb3l/g2JBc8wcEYM7K3+.19","action":"GetUpdates", "result":"DeleteReceived", "context":{"id":"9710b436-32b9-46b9-a5a9-24a323d47963", "isDeleted:":"true", "version":"1673799491108"}}
{"logTime": "0124/090746", "correlationVector":"ynKb3l/g2JBc8wcEYM7K3+.20","action":"GetUpdates", "result":"DeleteReceived", "context":{"id":"b6e86f50-2864-424c-874d-9552f1068d44", "isDeleted:":"true", "version":"1673799540829"}}
{"logTime": "0124/090746", "correlationVector":"ynKb3l/g2JBc8wcEYM7K3+.21","action":"GetUpdates", "result":"DeleteReceived", "context":{"id":"f9347dfe-18da-4052-885a-0e3544012cf8", "isDeleted:":"true", "version":"1673800411472"}}
{"logTime": "0124/090746", "correlationVector":"ynKb3l/g2JBc8wcEYM7K3+.22","action":"GetUpdates", "result":"DeleteReceived", "context":{"id":"85b9ddf9-8b1e-4b28-bb3f-cbe086b55bbe", "isDeleted:":"true", "version":"1673806408436"}}
{"logTime": "0124/090746", "correlationVector":"ynKb3l/g2JBc8wcEYM7K3+.23","action":"GetUpdates", "result":"DeleteReceived", "context":{"id":"856cfd01-52c2-44df-b183-7591df19cbb5", "isDeleted:":"true", "version":"1673873371067"}}
{"logTime": "0124/090746", "correlationVector":"ynKb3l/g2JBc8wcEYM7K3+.24","action":"GetUpdates", "result":"DeleteReceived", "context":{"id":"7788ee0f-a535-4fcc-b5a2-c4e61efba9a5", "isDeleted:":"true", "version":"1673873371068"}}
{"logTime": "0124/090746", "correlationVector":"ynKb3l/g2JBc8wcEYM7K3+.25","action":"GetUpdates", "result":"DeleteReceived", "context":{"id":"5bd421f8-014e-4f54-b838-90fe2455a92e", "isDeleted:":"true", "version":"1673873371070"}}
{"logTime": "0124/090746", "correlationVector":"ynKb3l/g2JBc8wcEYM7K3+.26","action":"GetUpdates", "result":"DeleteReceived", "context":{"id":"ea31a37c-d2ec-412d-bc1c-a6bcc4a42a2b", "isDeleted:":"true", "version":"1673873546090"}}
{"logTime": "0124/090746", "correlationVector":"ynKb3l/g2JBc8wcEYM7K3+.27","action":"GetUpdates", "result":"DeleteReceived", "context":{"id":"c047912e-8c1a-4543-b34e-7332cf9d45b8", "isDeleted:":"true", "version":"1673884030099"}}
{"logTime": "0124/090746", "correlationVector":"ynKb3l/g2JBc8wcEYM7K3+.28","action":"GetUpdates", "result":"DeleteReceived", "context":{"id":"2796ce09-f169-4800-85b3-6ac35084b470", "isDeleted:":"true", "version":"1673884030100"}}
{"logTime": "0124/090746", "correlationVector":"ynKb3l/g2JBc8wcEYM7K3+.29","action":"GetUpdates", "result":"DeleteReceived", "context":{"id":"7f008436-3fe4-48f2-83fa-1333c4a41d19", "isDeleted:":"true", "version":"1673938731283"}}
{"logTime": "0124/090746", "correlationVector":"ynKb3l/g2JBc8wcEYM7K3+.30","action":"GetUpdates", "result":"DeleteReceived", "context":{"id":"2d1e7b58-a952-4470-85d4-20542ea8ed8c", "isDeleted:":"true", "version":"1673955553719"}}
{"logTime": "0124/090746", "correlationVector":"ynKb3l/g2JBc8wcEYM7K3+.31","action":"GetUpdates", "result":"DeleteReceived", "context":{"id":"8badc9bd-acd8-4663-a0ab-3858a7ebd18a", "isDeleted:":"true", "version":"1673959861814"}}
{"logTime": "0124/090746", "correlationVector":"ynKb3l/g2JBc8wcEYM7K3+.32","action":"GetUpdates", "result":"DeleteReceived", "context":{"id":"c8001ea9-76a5-4868-b6a9-a1a43ee7cbbe", "isDeleted:":"true", "version":"1673960155504"}}
{"logTime": "0124/090746", "correlationVector":"ynKb3l/g2JBc8wcEYM7K3+.33","action":"GetUpdates", "result":"DeleteReceived", "context":{"id":"79de1190-fb61-4f5b-83dc-3e113af79cdc", "isDeleted:":"true", "version":"1673960155506"}}
{"logTime": "0124/090746", "correlationVector":"ynKb3l/g2JBc8wcEYM7K3+.34","action":"GetUpdates", "result":"DeleteReceived", "context":{"id":"a366f41a-b829-4c45-9e37-2c49171b6ec0", "isDeleted:":"true", "version":"1673960155507"}}
{"logTime": "0124/090746", "correlationVector":"ynKb3l/g2JBc8wcEYM7K3+.35","action":"GetUpdates", "result":"DeleteReceived", "context":{"id":"13adc899-bd7f-48e5-8e15-35eda35d9970", "isDeleted:":"true", "version":"1673960189064"}}
{"logTime": "0124/090746", "correlationVector":"ynKb3l/g2JBc8wcEYM7K3+.36","action":"GetUpdates", "result":"DeleteReceived", "context":{"id":"7729ca94-3f5b-4966-9991-f8fb16fc3341", "isDeleted:":"true", "version":"1674039616242"}}
{"logTime": "0124/090746", "correlationVector":"ynKb3l/g2JBc8wcEYM7K3+.37","action":"GetUpdates", "result":"DeleteReceived", "context":{"id":"b0b8fb48-61f6-4026-97d1-32cac763786e", "isDeleted:":"true", "version":"1674039852778"}}
{"logTime": "0124/090746", "correlationVector":"ynKb3l/g2JBc8wcEYM7K3+.38","action":"GetUpdates", "result":"DeleteReceived", "context":{"id":"a6495d47-4aef-4ed3-abef-c8c58b858de7", "isDeleted:":"true", "version":"1674040517793"}}
{"logTime": "0124/090746", "correlationVector":"ynKb3l/g2JBc8wcEYM7K3+.39","action":"GetUpdates", "result":"DeleteReceived", "context":{"id":"8c1b7b92-22f1-4db5-9268-36ce42b55ddf", "isDeleted:":"true", "version":"1674041894181"}}
{"logTime": "0124/090746", "correlationVector":"ynKb3l/g2JBc8wcEYM7K3+.40","action":"GetUpdates", "result":"DeleteReceived", "context":{"id":"c98dba33-f9db-4b91-bced-be75e4e78ea8", "isDeleted:":"true", "version":"1674042806958"}}
{"logTime": "0124/090746", "correlationVector":"ynKb3l/g2JBc8wcEYM7K3+.41","action":"GetUpdates", "result":"DeleteReceived", "context":{"id":"3c93fca9-55ad-481f-8665-d52e2b4f8638", "isDeleted:":"true", "version":"1674230403456"}}
{"logTime": "0124/090746", "correlationVector":"ynKb3l/g2JBc8wcEYM7K3+.42","action":"GetUpdates", "result":"DeleteReceived", "context":{"id":"d110083a-f9af-4d15-9abc-c1c99aae4ca5", "isDeleted:":"true", "version":"1674230403457"}}
{"logTime": "0124/090746", "correlationVector":"ynKb3l/g2JBc8wcEYM7K3+.43","action":"GetUpdates", "result":"DeleteReceived", "context":{"id":"ed4f9ef0-a134-4179-bc89-a2ee240e2d6e", "isDeleted:":"true", "version":"1674235448878"}}
{"logTime": "0124/090746", "correlationVector":"ynKb3l/g2JBc8wcEYM7K3+.44","action":"GetUpdates", "result":"DeleteReceived", "context":{"id":"7b3e6f95-29b9-4d8c-9a5a-24395b501ea5", "isDeleted:":"true", "version":"1674235448880"}}
{"logTime": "0124/090746", "correlationVector":"ynKb3l/g2JBc8wcEYM7K3+.45","action":"GetUpdates", "result":"DeleteReceived", "context":{"id":"123e0f32-1635-41da-9ec9-676fe83cbbb5", "isDeleted:":"true", "version":"1674300907507"}}
{"logTime": "0124/090746", "correlationVector":"ynKb3l/g2JBc8wcEYM7K3+.46","action":"GetUpdates", "result":"DeleteReceived", "context":{"id":"1f297be8-42ef-478d-913f-11b35b9e0d3f", "isDeleted:":"true", "version":"1674326788335"}}
{"logTime": "0124/090746", "correlationVector":"ynKb3l/g2JBc8wcEYM7K3+.47","action":"GetUpdates", "result":"DeleteReceived", "context":{"id":"2ef46081-fc87-41b3-8267-e8f71f4c564a", "isDeleted:":"true", "version":"1674326839105"}}
{"logTime": "0124/090746", "correlationVector":"ynKb3l/g2JBc8wcEYM7K3+.48","action":"GetUpdates", "result":"DeleteReceived", "context":{"id":"0fda4e66-522b-4f6a-bf7a-e3003bd7bb84", "isDeleted:":"true", "version":"1674550845113"}}
{"logTime": "0124/090746", "correlationVector":"ynKb3l/g2JBc8wcEYM7K3+.49","action":"GetUpdates Response", "result":"SYNCER_OK", "context":Received 151 update(s). cV=ynKb3l/g2JBc8wcEYM7K3+.0;server=GENERAL0100000W;cloudType=Consumer;environment=Prod_SoutheastAsia_000j}
{"logTime": "0124/091017", "correlationVector":"5cX3wDMbmRW4YqyOHMdz8c","action":"Commit Request", "result":"", "context":Item count: 8
Contributing types: Passwords}
{"logTime": "0124/091018", "correlationVector":"5cX3wDMbmRW4YqyOHMdz8c.1","action":"SyncServerConnectionManagerRequest", "result":"SYNC_SERVER_OK", "context":{"environment":"Prod_SoutheastAsia_000j", "server":"GENERAL0100000W"}}
{"logTime": "0124/091018", "correlationVector":"5cX3wDMbmRW4YqyOHMdz8c.2","action":"Commit Response", "result":"SYNCER_OK", "context":Result: SYNCER_OK. cV=5cX3wDMbmRW4YqyOHMdz8c.0;server=GENERAL0100000W;cloudType=Consumer;environment=Prod_SoutheastAsia_000j}
